2022-10-15 18:32:52,739 [INFO] Activator:177 - 


2022-10-15 18:32:52,745 [INFO] Activator:178 - !SESSION log4j initialized
2022-10-15 18:33:05,819 [INFO] McuFinderGlobals:44 - Set McuFinder mode to 2 (CubeIDE integrated)
2022-10-15 18:33:11,300 [INFO] ApplicationProperties:181 - Using Application install path: F:\ST\STM32CubeIDE_1.10.1\STM32CubeIDE\plugins\com.st.stm32cube.common.mx_6.6.1.202207061420
2022-10-15 18:33:11,362 [INFO] DbMcusXml:77 - Set database path to: F:\ST\STM32CubeIDE_1.10.1\STM32CubeIDE\plugins\com.st.stm32cube.common.mx_6.6.1.202207061420\\db\/mcu/
2022-10-15 18:33:11,362 [INFO] ApiDb:269 - Set plugin database path to: F:\ST\STM32CubeIDE_1.10.1\STM32CubeIDE\plugins\com.st.stm32cube.common.mx_6.6.1.202207061420\\db\/plugins/boardmanager/
2022-10-15 18:33:11,365 [WARN] ApiDb:254 - Overriding images path with different value:  => F:\ST\STM32CubeIDE_1.10.1\STM32CubeIDE\plugins\com.st.stm32cube.common.mx_6.6.1.202207061420\\db\/plugins/mcufinder/images/
2022-10-15 18:33:11,538 [INFO] ApiDb:249 - Set database path to: C:\Users\userr90\.stmcufinder\plugins\mcufinder//mcu/
2022-10-15 18:33:11,540 [INFO] DbMcusAds:124 - Set database path to: C:\Users\userr90\.stmcufinder\plugins\mcufinder//mcu/
2022-10-15 18:33:14,222 [INFO] CrossReferenceDbSqlite:201 - Set database path to: C:\Users\userr90\.stmcufinder\plugins\mcufinder//mcu/cs/
2022-10-15 18:33:15,093 [INFO] RulesReader:61 - Compatibility file has been processed (282 Rules)
2022-10-15 18:33:16,507 [INFO] DbMcusXml:77 - Set database path to: F:\ST\STM32CubeIDE_1.10.1\STM32CubeIDE\plugins\com.st.stm32cube.common.mx_6.6.1.202207061420\\db\/mcu/
2022-10-15 18:33:16,509 [INFO] ApiDb:269 - Set plugin database path to: F:\ST\STM32CubeIDE_1.10.1\STM32CubeIDE\plugins\com.st.stm32cube.common.mx_6.6.1.202207061420\\db\/plugins/boardmanager/
2022-10-15 18:33:16,510 [INFO] ApiDb:256 - Set plugin images path to: F:\ST\STM32CubeIDE_1.10.1\STM32CubeIDE\plugins\com.st.stm32cube.common.mx_6.6.1.202207061420\\db\/plugins/mcufinder/images/
2022-10-15 18:33:16,510 [WARN] DbFile:40 - Overriding database path with different value: C:\Users\userr90\.stmcufinder\plugins\mcufinder/ => C:\Users\userr90\.stmcufinder\plugins\mcufinder
2022-10-15 18:33:16,515 [INFO] ApiDb:249 - Set database path to: C:\Users\userr90\.stmcufinder\plugins\mcufinder//mcu/
2022-10-15 18:33:16,515 [WARN] DbFile:40 - Overriding database path with different value: C:\Users\userr90\.stmcufinder\plugins\mcufinder/ => C:\Users\userr90\.stmcufinder\plugins\mcufinder
2022-10-15 18:33:16,515 [INFO] DbMcusAds:124 - Set database path to: C:\Users\userr90\.stmcufinder\plugins\mcufinder//mcu/
2022-10-15 18:33:16,516 [WARN] DbFile:40 - Overriding database path with different value: C:\Users\userr90\.stmcufinder\plugins\mcufinder/ => C:\Users\userr90\.stmcufinder\plugins\mcufinder
2022-10-15 18:33:16,518 [WARN] DbFile:40 - Overriding database path with different value: C:\Users\userr90\.stmcufinder\plugins\mcufinder/ => C:\Users\userr90\.stmcufinder\plugins\mcufinder
2022-10-15 18:33:16,518 [INFO] CrossReferenceDbSqlite:201 - Set database path to: C:\Users\userr90\.stmcufinder\plugins\mcufinder//mcu/cs/
2022-10-15 18:33:17,732 [INFO] MainPanel:242 - HeapMemory: 268435456
2022-10-15 18:33:20,688 [INFO] DbMcusXml:77 - Set database path to: F:\ST\STM32CubeIDE_1.10.1\STM32CubeIDE\plugins\com.st.stm32cube.common.mx_6.6.1.202207061420\\db\/mcu/
2022-10-15 18:33:20,688 [INFO] ApiDb:269 - Set plugin database path to: F:\ST\STM32CubeIDE_1.10.1\STM32CubeIDE\plugins\com.st.stm32cube.common.mx_6.6.1.202207061420\\db\/plugins/boardmanager/
2022-10-15 18:33:20,688 [INFO] ApiDb:256 - Set plugin images path to: F:\ST\STM32CubeIDE_1.10.1\STM32CubeIDE\plugins\com.st.stm32cube.common.mx_6.6.1.202207061420\\db\/plugins/mcufinder/images/
2022-10-15 18:33:20,689 [WARN] DbFile:40 - Overriding database path with different value: C:\Users\userr90\.stmcufinder\plugins\mcufinder/ => C:\Users\userr90\.stmcufinder\plugins\mcufinder
2022-10-15 18:33:20,689 [INFO] ApiDb:249 - Set database path to: C:\Users\userr90\.stmcufinder\plugins\mcufinder//mcu/
2022-10-15 18:33:20,689 [WARN] DbFile:40 - Overriding database path with different value: C:\Users\userr90\.stmcufinder\plugins\mcufinder/ => C:\Users\userr90\.stmcufinder\plugins\mcufinder
2022-10-15 18:33:20,689 [INFO] DbMcusAds:124 - Set database path to: C:\Users\userr90\.stmcufinder\plugins\mcufinder//mcu/
2022-10-15 18:33:20,689 [WARN] DbFile:40 - Overriding database path with different value: C:\Users\userr90\.stmcufinder\plugins\mcufinder/ => C:\Users\userr90\.stmcufinder\plugins\mcufinder
2022-10-15 18:33:20,690 [WARN] DbFile:40 - Overriding database path with different value: C:\Users\userr90\.stmcufinder\plugins\mcufinder/ => C:\Users\userr90\.stmcufinder\plugins\mcufinder
2022-10-15 18:33:20,690 [INFO] CrossReferenceDbSqlite:201 - Set database path to: C:\Users\userr90\.stmcufinder\plugins\mcufinder//mcu/cs/
2022-10-15 18:33:20,973 [INFO] ApplicationProperties:181 - Using Application install path: F:\ST\STM32CubeIDE_1.10.1\STM32CubeIDE\plugins\com.st.stm32cube.common.mx_6.6.1.202207061420
2022-10-15 18:33:20,975 [INFO] PluginManage:193 - Search for loadable plugins [exclusion list=, ]
2022-10-15 18:33:21,011 [INFO] PluginManage:307 - Check plugin analytics
2022-10-15 18:33:22,195 [INFO] AnalyticsPlugin:262 - Accepted Software Licenses: 
2022-10-15 18:33:22,202 [INFO] AnalyticsPlugin:264 - Accepted CMSIS Pack Licenses: 
2022-10-15 18:33:22,202 [INFO] AnalyticsPlugin:266 - Accepted Firmware Licenses: 
2022-10-15 18:33:22,217 [INFO] PluginManage:356 - Loaded plugin analytics (category:tool,tabindex:-1)
2022-10-15 18:33:22,218 [INFO] PluginManage:307 - Check plugin cadmodel
2022-10-15 18:33:22,316 [INFO] CADModel:65 - Init CAD model plugin
2022-10-15 18:33:22,316 [INFO] PluginManage:356 - Loaded plugin cadmodel (category:power,tabindex:5)
2022-10-15 18:33:22,316 [INFO] PluginManage:307 - Check plugin clock
2022-10-15 18:33:22,524 [INFO] PluginManage:356 - Loaded plugin clock (category:base,tabindex:2)
2022-10-15 18:33:22,524 [INFO] PluginManage:307 - Check plugin ddr
2022-10-15 18:33:22,652 [INFO] PluginManage:356 - Loaded plugin ddr (category:tool,tabindex:6)
2022-10-15 18:33:22,652 [INFO] PluginManage:307 - Check plugin filemanager
2022-10-15 18:33:23,560 [INFO] PluginManage:356 - Loaded plugin filemanager (category:base,tabindex:10)
2022-10-15 18:33:23,560 [INFO] PluginManage:307 - Check plugin ipmanager
2022-10-15 18:33:23,592 [INFO] PluginManage:356 - Loaded plugin ipmanager (category:base,tabindex:5)
2022-10-15 18:33:23,592 [INFO] PluginManage:307 - Check plugin lpbam
2022-10-15 18:33:23,669 [INFO] PluginManage:356 - Loaded plugin lpbam (category:base,tabindex:0)
2022-10-15 18:33:23,670 [INFO] PluginManage:307 - Check plugin pinoutandconfiguration
2022-10-15 18:33:23,752 [INFO] PluginManage:356 - Loaded plugin pinoutandconfiguration (category:base,tabindex:1)
2022-10-15 18:33:23,752 [INFO] PluginManage:307 - Check plugin pinoutconfig
2022-10-15 18:33:23,892 [INFO] PluginManage:356 - Loaded plugin pinoutconfig (category:base,tabindex:0)
2022-10-15 18:33:23,892 [INFO] PluginManage:307 - Check plugin power
2022-10-15 18:33:23,967 [INFO] PluginManage:356 - Loaded plugin power (category:power,tabindex:4)
2022-10-15 18:33:23,967 [INFO] PluginManage:307 - Check plugin projectmanager
2022-10-15 18:33:24,010 [INFO] PluginManage:356 - Loaded plugin projectmanager (category:projectmanager,tabindex:3)
2022-10-15 18:33:24,010 [INFO] PluginManage:307 - Check plugin thirdparty
2022-10-15 18:33:24,871 [INFO] PluginManage:356 - Loaded plugin thirdparty (category:base,tabindex:-1)
2022-10-15 18:33:24,871 [INFO] PluginManage:307 - Check plugin tools
2022-10-15 18:33:24,874 [WARN] IntegrityCheckThread:82 - waiting for thirdparty lock release [integrity check]
2022-10-15 18:33:24,875 [INFO] IntegrityCheckThread:84 - entering critical section [integrity check]
2022-10-15 18:33:24,878 [INFO] ThirdPartyUpdaterWithRetryManager:70 - Updater plugin not ready yet. [1/15]
2022-10-15 18:33:24,920 [INFO] PluginManage:356 - Loaded plugin tools (category:base,tabindex:7)
2022-10-15 18:33:24,921 [INFO] PluginManage:307 - Check plugin tutovideos
2022-10-15 18:33:25,429 [INFO] PluginManage:356 - Loaded plugin tutovideos (category:base,tabindex:-1)
2022-10-15 18:33:25,429 [INFO] PluginManage:307 - Check plugin updater
2022-10-15 18:33:25,470 [INFO] PluginManage:356 - Loaded plugin updater (category:base,tabindex:12)
2022-10-15 18:33:25,470 [INFO] PluginManage:280 - PluginManage : Loaded plugins [15]
2022-10-15 18:33:26,521 [INFO] PinOutPanel:1468 - setPackage(No Configuration,No Configuration)
2022-10-15 18:33:26,714 [INFO] CADModel:98 - CPN selected for project level
2022-10-15 18:33:26,774 [INFO] IPUIPlugin:79 - create IPUIPlugin
2022-10-15 18:33:26,774 [INFO] PluginManager:217 - loadIPPluginJar : add adc
2022-10-15 18:33:26,820 [INFO] IPUIPlugin:79 - create IPUIPlugin
2022-10-15 18:33:26,820 [INFO] PluginManager:217 - loadIPPluginJar : add aes
2022-10-15 18:33:26,889 [INFO] IPUIPlugin:79 - create IPUIPlugin
2022-10-15 18:33:26,889 [INFO] PluginManager:217 - loadIPPluginJar : add can
2022-10-15 18:33:26,923 [INFO] IPUIPlugin:79 - create IPUIPlugin
2022-10-15 18:33:26,923 [INFO] PluginManager:217 - loadIPPluginJar : add comp
2022-10-15 18:33:26,957 [INFO] IPUIPlugin:79 - create IPUIPlugin
2022-10-15 18:33:26,957 [INFO] PluginManager:217 - loadIPPluginJar : add cryp
2022-10-15 18:33:26,983 [INFO] IPUIPlugin:79 - create IPUIPlugin
2022-10-15 18:33:26,984 [INFO] PluginManager:217 - loadIPPluginJar : add dfsdm
2022-10-15 18:33:27,006 [INFO] IPUIPlugin:79 - create IPUIPlugin
2022-10-15 18:33:27,007 [INFO] PluginManager:217 - loadIPPluginJar : add dma
2022-10-15 18:33:27,051 [INFO] IPUIPlugin:79 - create IPUIPlugin
2022-10-15 18:33:27,052 [INFO] PluginManager:217 - loadIPPluginJar : add dma3
2022-10-15 18:33:27,139 [INFO] IPUIPlugin:79 - create IPUIPlugin
2022-10-15 18:33:27,140 [INFO] PluginManager:217 - loadIPPluginJar : add fatfs
2022-10-15 18:33:27,203 [INFO] IPUIPlugin:79 - create IPUIPlugin
2022-10-15 18:33:27,203 [INFO] PluginManager:217 - loadIPPluginJar : add fmc
2022-10-15 18:33:27,237 [INFO] IPUIPlugin:79 - create IPUIPlugin
2022-10-15 18:33:27,237 [INFO] PluginManager:217 - loadIPPluginJar : add freertos
2022-10-15 18:33:27,254 [INFO] IPUIPlugin:79 - create IPUIPlugin
2022-10-15 18:33:27,255 [INFO] PluginManager:217 - loadIPPluginJar : add genericplugin
2022-10-15 18:33:27,335 [INFO] IPUIPlugin:79 - create IPUIPlugin
2022-10-15 18:33:27,336 [INFO] PluginManager:217 - loadIPPluginJar : add gfxmmu
2022-10-15 18:33:27,470 [INFO] IPUIPlugin:79 - create IPUIPlugin
2022-10-15 18:33:27,471 [INFO] PluginManager:217 - loadIPPluginJar : add gic
2022-10-15 18:33:27,494 [INFO] IPUIPlugin:79 - create IPUIPlugin
2022-10-15 18:33:27,494 [INFO] PluginManager:217 - loadIPPluginJar : add gpio
2022-10-15 18:33:27,581 [INFO] IPUIPlugin:79 - create IPUIPlugin
2022-10-15 18:33:27,581 [INFO] PluginManager:217 - loadIPPluginJar : add gtzc
2022-10-15 18:33:27,622 [INFO] IPUIPlugin:79 - create IPUIPlugin
2022-10-15 18:33:27,622 [INFO] PluginManager:217 - loadIPPluginJar : add hash
2022-10-15 18:33:27,680 [INFO] IPUIPlugin:79 - create IPUIPlugin
2022-10-15 18:33:27,680 [INFO] PluginManager:217 - loadIPPluginJar : add i2c
2022-10-15 18:33:27,727 [INFO] IPUIPlugin:79 - create IPUIPlugin
2022-10-15 18:33:27,728 [INFO] PluginManager:217 - loadIPPluginJar : add i2s
2022-10-15 18:33:27,863 [INFO] IPUIPlugin:79 - create IPUIPlugin
2022-10-15 18:33:27,863 [INFO] PluginManager:217 - loadIPPluginJar : add ipddr
2022-10-15 18:33:27,887 [INFO] ThirdPartyUpdaterWithRetryManager:70 - Updater plugin not ready yet. [2/15]
2022-10-15 18:33:27,954 [INFO] IPUIPlugin:79 - create IPUIPlugin
2022-10-15 18:33:27,954 [INFO] PluginManager:217 - loadIPPluginJar : add linkedlist
2022-10-15 18:33:27,989 [INFO] IPUIPlugin:79 - create IPUIPlugin
2022-10-15 18:33:27,990 [INFO] PluginManager:217 - loadIPPluginJar : add lorawan
2022-10-15 18:33:28,036 [INFO] IPUIPlugin:79 - create IPUIPlugin
2022-10-15 18:33:28,042 [INFO] PluginManager:217 - loadIPPluginJar : add ltdc
2022-10-15 18:33:28,081 [INFO] IPUIPlugin:79 - create IPUIPlugin
2022-10-15 18:33:28,081 [INFO] PluginManager:217 - loadIPPluginJar : add mdma
2022-10-15 18:33:28,109 [INFO] IPUIPlugin:79 - create IPUIPlugin
2022-10-15 18:33:28,110 [INFO] PluginManager:217 - loadIPPluginJar : add nvic
2022-10-15 18:33:28,152 [INFO] IPUIPlugin:79 - create IPUIPlugin
2022-10-15 18:33:28,153 [INFO] PluginManager:217 - loadIPPluginJar : add opamp
2022-10-15 18:33:28,216 [INFO] IPUIPlugin:79 - create IPUIPlugin
2022-10-15 18:33:28,217 [INFO] PluginManager:217 - loadIPPluginJar : add openamp
2022-10-15 18:33:28,258 [INFO] IPUIPlugin:79 - create IPUIPlugin
2022-10-15 18:33:28,258 [INFO] PluginManager:217 - loadIPPluginJar : add pdm2pcm
2022-10-15 18:33:28,282 [INFO] IPUIPlugin:79 - create IPUIPlugin
2022-10-15 18:33:28,285 [INFO] PluginManager:217 - loadIPPluginJar : add plateformsettings
2022-10-15 18:33:28,313 [INFO] IPUIPlugin:79 - create IPUIPlugin
2022-10-15 18:33:28,313 [INFO] PluginManager:217 - loadIPPluginJar : add quadspi
2022-10-15 18:33:28,341 [INFO] IPUIPlugin:79 - create IPUIPlugin
2022-10-15 18:33:28,342 [INFO] PluginManager:217 - loadIPPluginJar : add resmgrutility
2022-10-15 18:33:28,397 [INFO] IPUIPlugin:79 - create IPUIPlugin
2022-10-15 18:33:28,397 [INFO] PluginManager:217 - loadIPPluginJar : add sai
2022-10-15 18:33:28,497 [INFO] IPUIPlugin:79 - create IPUIPlugin
2022-10-15 18:33:28,498 [INFO] PluginManager:217 - loadIPPluginJar : add spi
2022-10-15 18:33:28,579 [INFO] IPUIPlugin:79 - create IPUIPlugin
2022-10-15 18:33:28,579 [INFO] PluginManager:217 - loadIPPluginJar : add stm32_wpan
2022-10-15 18:33:28,688 [INFO] IPUIPlugin:79 - create IPUIPlugin
2022-10-15 18:33:28,689 [INFO] PluginManager:217 - loadIPPluginJar : add tim
2022-10-15 18:33:28,763 [INFO] IPUIPlugin:79 - create IPUIPlugin
2022-10-15 18:33:28,763 [INFO] PluginManager:217 - loadIPPluginJar : add touchsensing
2022-10-15 18:33:28,808 [INFO] IPUIPlugin:79 - create IPUIPlugin
2022-10-15 18:33:28,808 [INFO] PluginManager:217 - loadIPPluginJar : add tracer_emb
2022-10-15 18:33:28,830 [INFO] IPUIPlugin:79 - create IPUIPlugin
2022-10-15 18:33:28,830 [INFO] PluginManager:217 - loadIPPluginJar : add ts
2022-10-15 18:33:28,871 [INFO] IPUIPlugin:79 - create IPUIPlugin
2022-10-15 18:33:28,871 [INFO] PluginManager:217 - loadIPPluginJar : add tsc
2022-10-15 18:33:28,890 [INFO] IPUIPlugin:79 - create IPUIPlugin
2022-10-15 18:33:28,891 [INFO] PluginManager:217 - loadIPPluginJar : add ucpd
2022-10-15 18:33:28,942 [INFO] IPUIPlugin:79 - create IPUIPlugin
2022-10-15 18:33:28,942 [INFO] PluginManager:217 - loadIPPluginJar : add usart
2022-10-15 18:33:28,995 [INFO] IPUIPlugin:79 - create IPUIPlugin
2022-10-15 18:33:28,995 [INFO] PluginManager:217 - loadIPPluginJar : add usbx
2022-10-15 18:33:29,632 [FATAL] Updater:301 - Updater called before beeing initialized
2022-10-15 18:33:30,139 [FATAL] Updater:301 - Updater called before beeing initialized
2022-10-15 18:33:30,161 [INFO] DbMcusAds:52 - JSON generation date=Thu Sep 30 09:55:09 TRT 2021 (1632984909247)
2022-10-15 18:33:30,161 [FATAL] Updater:301 - Updater called before beeing initialized
2022-10-15 18:33:30,502 [WARN] DetailPanel:344 - Failed to get advertising image, set to default
2022-10-15 18:33:30,659 [FATAL] Updater:301 - Updater called before beeing initialized
2022-10-15 18:33:30,662 [FATAL] Updater:301 - Updater called before beeing initialized
2022-10-15 18:33:30,662 [FATAL] Updater:301 - Updater called before beeing initialized
2022-10-15 18:33:30,662 [WARN] DetailPanel:344 - Failed to get advertising image, set to default
2022-10-15 18:33:30,663 [FATAL] Updater:301 - Updater called before beeing initialized
2022-10-15 18:33:30,817 [ERROR] Updater:1105 - MainUpdater not yet initialized. External WinMGr cannot be set.
2022-10-15 18:33:30,835 [INFO] Updater:1041 - Updater Version found : 6.6.1
2022-10-15 18:33:30,882 [INFO] ApplicationProperties:181 - Using Application install path: F:\ST\STM32CubeIDE_1.10.1\STM32CubeIDE\plugins\com.st.stm32cube.common.mx_6.6.1.202207061420
2022-10-15 18:33:30,895 [INFO] ThirdPartyUpdaterWithRetryManager:70 - Updater plugin not ready yet. [3/15]
2022-10-15 18:33:31,837 [INFO] MainUpdater:2768 - connection check result : 10
2022-10-15 18:33:31,838 [INFO] MainUpdater:280 - Updater Check For Update Now.
2022-10-15 18:33:31,839 [INFO] MicroXplorer:481 - Change Database Version : DB.6.0.60
2022-10-15 18:33:32,152 [INFO] CheckServerUpdateThread:119 - End of CheckServer Thread
2022-10-15 18:33:32,349 [INFO] MainUpdater:2768 - connection check result : 10
2022-10-15 18:33:32,392 [INFO] McuFinderGlobals:57 - Set McuFinderConnectedMode to true
2022-10-15 18:33:32,963 [INFO] ServerAccessManage:474 - Download File mcusAds.json._tmp_
2022-10-15 18:33:33,524 [INFO] LoadUrlFilesThread:150 - End of LoadUrlFiles Thread
2022-10-15 18:33:33,702 [INFO] ServerAccessManage:474 - Download File cube-finder-db.zip
2022-10-15 18:33:33,912 [WARN] MainUpdater:1184 - Updater busy. Cannot search thirdparties
2022-10-15 18:33:33,918 [INFO] ThirdPartyUpdaterWithRetryManager:96 - Updater plugin is busy. [1/15]
2022-10-15 18:33:36,931 [WARN] MainUpdater:1184 - Updater busy. Cannot search thirdparties
2022-10-15 18:33:36,931 [INFO] ThirdPartyUpdaterWithRetryManager:96 - Updater plugin is busy. [2/15]
2022-10-15 18:33:38,586 [ERROR] LogOutputStream:74 - [STDERR_REDIRECT] SLF4J: Failed to load class "org.slf4j.impl.StaticLoggerBinder".
2022-10-15 18:33:38,587 [ERROR] LogOutputStream:74 - [STDERR_REDIRECT] SLF4J: Defaulting to no-operation (NOP) logger implementation
2022-10-15 18:33:38,589 [ERROR] LogOutputStream:74 - [STDERR_REDIRECT] SLF4J: See http://www.slf4j.org/codes.html#StaticLoggerBinder for further details.
2022-10-15 18:33:39,931 [WARN] MainUpdater:1184 - Updater busy. Cannot search thirdparties
2022-10-15 18:33:39,931 [INFO] ThirdPartyUpdaterWithRetryManager:96 - Updater plugin is busy. [3/15]
2022-10-15 18:33:42,940 [WARN] MainUpdater:1184 - Updater busy. Cannot search thirdparties
2022-10-15 18:33:42,940 [INFO] ThirdPartyUpdaterWithRetryManager:96 - Updater plugin is busy. [4/15]
2022-10-15 18:33:45,955 [WARN] MainUpdater:1184 - Updater busy. Cannot search thirdparties
2022-10-15 18:33:45,955 [INFO] ThirdPartyUpdaterWithRetryManager:96 - Updater plugin is busy. [5/15]
2022-10-15 18:33:49,038 [WARN] MainUpdater:1184 - Updater busy. Cannot search thirdparties
2022-10-15 18:33:49,038 [INFO] ThirdPartyUpdaterWithRetryManager:96 - Updater plugin is busy. [6/15]
2022-10-15 18:33:52,040 [WARN] MainUpdater:1184 - Updater busy. Cannot search thirdparties
2022-10-15 18:33:52,040 [INFO] ThirdPartyUpdaterWithRetryManager:96 - Updater plugin is busy. [7/15]
2022-10-15 18:33:55,042 [WARN] MainUpdater:1184 - Updater busy. Cannot search thirdparties
2022-10-15 18:33:55,042 [INFO] ThirdPartyUpdaterWithRetryManager:96 - Updater plugin is busy. [8/15]
2022-10-15 18:33:58,052 [WARN] MainUpdater:1184 - Updater busy. Cannot search thirdparties
2022-10-15 18:33:58,053 [INFO] ThirdPartyUpdaterWithRetryManager:96 - Updater plugin is busy. [9/15]
2022-10-15 18:34:01,055 [WARN] MainUpdater:1184 - Updater busy. Cannot search thirdparties
2022-10-15 18:34:01,055 [INFO] ThirdPartyUpdaterWithRetryManager:96 - Updater plugin is busy. [10/15]
2022-10-15 18:34:01,912 [INFO] FileExtend:239 - Unzip File : cube-finder-db.zip
2022-10-15 18:34:01,913 [INFO] FileExtend:254 - Standard Zip Deflate
2022-10-15 18:34:04,068 [WARN] MainUpdater:1184 - Updater busy. Cannot search thirdparties
2022-10-15 18:34:04,281 [INFO] ThirdPartyUpdaterWithRetryManager:96 - Updater plugin is busy. [11/15]
2022-10-15 18:34:07,418 [WARN] MainUpdater:1184 - Updater busy. Cannot search thirdparties
2022-10-15 18:34:07,418 [INFO] ThirdPartyUpdaterWithRetryManager:96 - Updater plugin is busy. [12/15]
2022-10-15 18:34:07,553 [INFO] LoadUrlFilesThread:150 - End of LoadUrlFiles Thread
2022-10-15 18:34:11,679 [WARN] PackLoader:242 - Cannot read IP mode file for STMicroelectronics.X-CUBE-GNSS1.6.0.0
2022-10-15 18:34:11,978 [WARN] PackLoader:242 - Cannot read IP mode file for STMicroelectronics.X-CUBE-AZRTOS-F4.1.1.0
2022-10-15 18:34:12,550 [WARN] PackLoader:242 - Cannot read IP mode file for STMicroelectronics.X-CUBE-AZRTOS-F7.1.1.0
2022-10-15 18:34:12,656 [WARN] PackLoader:242 - Cannot read IP mode file for STMicroelectronics.X-CUBE-BLE1.6.2.3
2022-10-15 18:34:12,735 [WARN] PackLoader:242 - Cannot read IP mode file for STMicroelectronics.X-CUBE-NFC4.2.0.4
2022-10-15 18:34:12,889 [WARN] PackLoader:242 - Cannot read IP mode file for STMicroelectronics.X-CUBE-TOF1.3.1.0
2022-10-15 18:34:12,937 [WARN] PackLoader:242 - Cannot read IP mode file for STMicroelectronics.X-CUBE-NFC7.1.0.0
2022-10-15 18:34:13,228 [WARN] PackLoader:242 - Cannot read IP mode file for STMicroelectronics.X-CUBE-MEMS1.9.3.0
2022-10-15 18:34:13,810 [WARN] PackLoader:242 - Cannot read IP mode file for STMicroelectronics.X-CUBE-AI.7.2.0
2022-10-15 18:34:13,878 [WARN] PackLoader:242 - Cannot read IP mode file for STMicroelectronics.X-CUBE-SFXS2LP1.4.0.0
2022-10-15 18:34:13,923 [WARN] PackLoader:242 - Cannot read IP mode file for STMicroelectronics.X-CUBE-BLE2.3.3.0
2022-10-15 18:34:13,968 [WARN] PackLoader:242 - Cannot read IP mode file for STMicroelectronics.X-CUBE-DISPLAY.2.2.0
2022-10-15 18:34:14,000 [WARN] PackLoader:242 - Cannot read IP mode file for STMicroelectronics.X-CUBE-ISPU.1.0.0
2022-10-15 18:34:14,031 [WARN] PackLoader:242 - Cannot read IP mode file for RoweBots.I-CUBE-UNISONRTOS.5.5.0-4
2022-10-15 18:34:14,090 [WARN] PackLoader:242 - Cannot read IP mode file for STMicroelectronics.X-CUBE-AZRTOS-H7.2.1.0
2022-10-15 18:34:14,110 [WARN] PackLoader:242 - Cannot read IP mode file for wolfSSL.I-CUBE-wolfSSL.5.4.0
2022-10-15 18:34:14,138 [WARN] PackLoader:242 - Cannot read IP mode file for STMicroelectronics.X-CUBE-BLEMGR.1.0.0
2022-10-15 18:34:14,474 [WARN] PackLoader:242 - Cannot read IP mode file for STMicroelectronics.X-CUBE-ALGOBUILD.1.3.0
2022-10-15 18:34:14,720 [WARN] PackLoader:242 - Cannot read IP mode file for STMicroelectronics.X-CUBE-AZRTOS-G0.1.1.0
2022-10-15 18:34:15,045 [WARN] PackLoader:242 - Cannot read IP mode file for STMicroelectronics.X-CUBE-SUBG2.5.0.0
2022-10-15 18:34:15,311 [WARN] PackLoader:242 - Cannot read IP mode file for SEGGER.I-CUBE-embOS.1.2.0
2022-10-15 18:34:15,744 [WARN] PackLoader:242 - Cannot read IP mode file for STMicroelectronics.FP-ATR-ASTRA1.1.1.1
2022-10-15 18:34:15,858 [WARN] PackLoader:242 - Cannot read IP mode file for STMicroelectronics.FP-ATR-ASTRA1.1.1.0
2022-10-15 18:34:16,265 [WARN] PackLoader:242 - Cannot read IP mode file for STMicroelectronics.X-CUBE-AZRTOS-G4.1.0.0
2022-10-15 18:34:16,432 [WARN] PackLoader:242 - Cannot read IP mode file for STMicroelectronics.X-CUBE-AZRTOS-L4.1.0.0
2022-10-15 18:34:16,773 [WARN] PackLoader:242 - Cannot read IP mode file for emotas.I-CUBE-CANOPEN.1.1.2
2022-10-15 18:34:16,874 [WARN] PackLoader:242 - Cannot read IP mode file for STMicroelectronics.X-CUBE-TOUCHGFX.4.20.0
2022-10-15 18:34:17,051 [WARN] PackLoader:242 - Cannot read IP mode file for STMicroelectronics.X-CUBE-AZRTOS-WL.1.0.0
2022-10-15 18:34:17,304 [WARN] PackLoader:242 - Cannot read IP mode file for portGmbH.I-Cube-SoM-uGOAL.1.1.0
2022-10-15 18:34:17,551 [WARN] PackLoader:242 - Cannot read IP mode file for STMicroelectronics.X-CUBE-ALS.1.0.1
2022-10-15 18:34:17,843 [WARN] PackLoader:242 - Cannot read IP mode file for STMicroelectronics.X-CUBE-AZRTOS-L5.1.0.0
2022-10-15 18:34:18,771 [WARN] PackLoader:242 - Cannot read IP mode file for STMicroelectronics.X-CUBE-EEPRMA1.3.1.1
2022-10-15 18:34:18,773 [INFO] ThirdParty:929 - Integrity check success = true
2022-10-15 18:34:18,777 [INFO] IntegrityCheckThread:98 - exiting critical section [integrity check]
2022-10-15 18:34:18,777 [INFO] IntegrityCheckThread:101 - End integrity checks thread
2022-10-15 18:34:19,486 [INFO] ServerAccessManage:474 - Download File crdb.zip
2022-10-15 18:34:20,260 [INFO] FileExtend:239 - Unzip File : crdb.zip
2022-10-15 18:34:20,261 [INFO] FileExtend:254 - Standard Zip Deflate
2022-10-15 18:34:20,827 [INFO] LoadUrlFilesThread:150 - End of LoadUrlFiles Thread
2022-10-15 18:34:21,149 [INFO] ServerAccessManage:474 - Download File tutoVideoDB.zip
2022-10-15 18:34:21,294 [INFO] FileExtend:239 - Unzip File : tutoVideoDB.zip
2022-10-15 18:34:21,313 [INFO] FileExtend:254 - Standard Zip Deflate
2022-10-15 18:34:21,523 [INFO] LoadUrlFilesThread:150 - End of LoadUrlFiles Thread
2022-10-15 18:34:21,663 [INFO] JxBrowserEngine:106 - Initiate JxBrowser Engine with user profile folder
2022-10-15 18:34:26,076 [ERROR] JxBrowserEngine:59 - Can't initiate JxBrowser engine com.teamdev.jxbrowser.engine.ChromiumBinariesExtractionException: Failed to extract Chromium binaries into C:\Users\userr90\.stm32cubemx\.jxbrowser\Chromium
2022-10-15 18:34:26,077 [WARN] DbFile:40 - Overriding database path with different value: C:\Users\userr90\.stmcufinder\plugins\mcufinder/ => C:\Users\userr90\.stmcufinder\plugins\mcufinder
2022-10-15 18:34:26,256 [INFO] ServerAccessManage:474 - Download File api_config.json
2022-10-15 18:34:26,441 [INFO] LoadUrlFilesThread:150 - End of LoadUrlFiles Thread
2022-10-15 18:34:26,443 [INFO] DbMcusAds:52 - JSON generation date=Thu Sep 30 09:55:09 TRT 2021 (1632984909247)
2022-10-15 18:34:26,553 [INFO] LoadUrlFilesThread:177 - End of LoadServerUrlFiles without Thread
2022-10-15 18:34:26,554 [INFO] TargetSelectorAdapter:228 - Refresh data is successful
2022-10-15 18:34:27,452 [INFO] ApiDb:576 - Connected to CubeFinder SQLite database (C:\Users\userr90\.stmcufinder\plugins\mcufinder\mcu\cube-finder-db.db)
2022-10-15 18:34:29,012 [INFO] ApiDb:663 - CubeFinder database Data Model version=2.1
2022-10-15 18:34:29,012 [INFO] ApiDb:664 - CubeFinder database Configuration version=3.0.32
2022-10-15 18:34:29,013 [INFO] ApiDb:665 - CubeFinder database generation date=2022-08-05 (1659688109)
2022-10-15 18:34:29,013 [INFO] ApiDb:666 - CubeFinder database FW Pack versions=[STM32Cube_FW_C0_V1.0.0, STM32Cube_FW_F4_V1.27.1, STM32Cube_FW_F7_V1.17.0, STM32Cube_FW_G0_V1.6.1, STM32Cube_FW_G4_V1.5.0, STM32Cube_FW_H7_V1.10.0, STM32Cube_FW_L5_V1.4.0, STM32Cube_FW_U5_V1.1.1, STM32Cube_FW_WB_V1.14.1, STM32Cube_FW_WL_V1.2.0, X-CUBE-ALGOBUILD_V1.3.0, X-CUBE-ALS_V1.0.1, X-CUBE-AZRTOS-F4_V1.1.0, X-CUBE-AZRTOS-F7_V1.1.0, X-CUBE-AZRTOS-G0_V1.1.0, X-CUBE-AZRTOS-G4_V1.0.0, X-CUBE-AZRTOS-H7_V2.1.0, X-CUBE-AZRTOS-L4_V1.0.0, X-CUBE-AZRTOS-L5_V1.0.0, X-CUBE-AZRTOS-WL_V1.0.0, X-CUBE-BLE1_V6.2.3, X-CUBE-BLE2_V3.3.0, X-CUBE-EEPRMA1_V3.1.1, X-CUBE-GNSS1_V6.0.0, X-CUBE-MEMS1_V9.1.0, X-CUBE-MEMS1_V9.3.0, X-CUBE-NFC4_V2.0.4, X-CUBE-NFC7_V1.0.0, X-CUBE-SFXS2LP1_V4.0.0, X-CUBE-SUBG2_V5.0.0]
2022-10-15 18:34:35,523 [INFO] ApiDb:239 - Found 138 in-development CPN: [B-WB1M-WPAN1, NUCLEO-C031C6, STEVAL-STWINBX1, STM320518-EVAL, STM32C0116-DK, STM32C011D6Y3TR, STM32C011D6Y6TR, STM32C011F4P3, STM32C011F4P6, STM32C011F4U3, STM32C011F4U6TR, STM32C011F6P3, STM32C011F6P6, STM32C011F6U3, STM32C011F6U6TR, STM32C011J4M3, STM32C011J4M6, STM32C011J6M3, STM32C011J6M6, STM32C0316-DK, STM32C031C4T3, STM32C031C4T6, STM32C031C4U3, STM32C031C4U6, STM32C031C6T3, STM32C031C6T6, STM32C031C6U3, STM32C031C6U6, STM32C031F4P3, STM32C031F4P6, STM32C031F6P3, STM32C031F6P6, STM32C031G4U3, STM32C031G4U6, STM32C031G6U3, STM32C031G6U6, STM32C031K4T3, STM32C031K4T6, STM32C031K4U3, STM32C031K4U6, STM32C031K6T3, STM32C031K6T6, STM32C031K6U3, STM32C031K6U6, STM32G071K8TXN, STM32G071K8UXN, STM32G081GBU6N, STM32G081KBT6N, STM32G081KBUXN, STM32G0B1CCT6N, STM32G0B1KCT6, STM32G0B1NEY6TR, STM32G0B1RCT6N, STM32G0C1CCT6, STM32G0C1CCT6N, STM32G0C1CCU6N, STM32G0C1CET6N, STM32G0C1CEU6N, STM32G0C1KCT6, STM32G0C1NEY6TR, STM32G0C1RCI6N, STM32G0C1RCT6N, STM32G0C1REI6N, STM32G0C1RET6N, STM32G0C1VCI6, STM32G0C1VEI6, STM32G471CCT6, STM32G471CCU6, STM32G471CET3, STM32G471CET6, STM32G471CEU3, STM32G471CEU6, STM32G471MCT6, STM32G471MET3, STM32G471MET6, STM32G471MEY6TR, STM32G471QCT6, STM32G471QET3, STM32G471RCT6, STM32G471RET3, STM32G471RET6, STM32G471VCH6, STM32G471VCI6, STM32G471VCT6, STM32G471VEH3, STM32G471VEH6, STM32G471VEI3, STM32G471VEI6, STM32G471VET3, STM32G471VET6, STM32G474CCT6, STM32L476VGY6PTR, STM32L4R5QGI6STR, STM32MP131AAE3, STM32MP131AAF3, STM32MP131AAG3, STM32MP131CAE3, STM32MP131CAF3, STM32MP131CAG3, STM32MP131DAE7, STM32MP131DAF7, STM32MP131DAG7, STM32MP131FAE7, STM32MP131FAF7, STM32MP131FAG7, STM32MP133AAE3, STM32MP133AAF3, STM32MP133AAG3, STM32MP133CAE3, STM32MP133CAF3, STM32MP133CAG3, STM32MP133DAE7, STM32MP133DAF7, STM32MP133DAG7, STM32MP133FAE7, STM32MP133FAF7, STM32MP133FAG7, STM32MP135AAE3, STM32MP135AAF3, STM32MP135AAG3, STM32MP135CAE3, STM32MP135CAF3, STM32MP135CAG3, STM32MP135DAE7, STM32MP135DAF7, STM32MP135DAG7, STM32MP135F-DK, STM32MP135FAE7, STM32MP135FAF7, STM32MP135FAG7, STM32U595ZJT6Q, STM32U599BJY6QTR, STM32U599NIH6Q, STM32U599NJH6Q, STM32U5A5ZJT6Q, STM32U5A9BJY6QTR, STM32U5A9NJH6Q, STM32WB1MMCH6]
2022-10-15 18:34:35,539 [INFO] DbMcus:215 - Found 3542 MCUs, 3542 are supported
2022-10-15 18:34:35,603 [INFO] ApiDb:418 - Load user favorites file C:\Users\userr90/.stm32cubeide/favorites.mcus.txt: 1 item(s)
2022-10-15 18:34:35,604 [INFO] ApiDb:422 - User favorites MCUs=[STM32F030F4P6]
2022-10-15 18:34:35,604 [INFO] DbMcus:221 - Set 1 / 1 favorites MCUs
2022-10-15 18:34:35,608 [INFO] ApiDb:663 - CubeFinder database Data Model version=2.1
2022-10-15 18:34:35,608 [INFO] ApiDb:664 - CubeFinder database Configuration version=3.0.32
2022-10-15 18:34:35,608 [INFO] ApiDb:665 - CubeFinder database generation date=2022-08-05 (1659688109)
2022-10-15 18:34:35,608 [INFO] ApiDb:666 - CubeFinder database FW Pack versions=[STM32Cube_FW_C0_V1.0.0, STM32Cube_FW_F4_V1.27.1, STM32Cube_FW_F7_V1.17.0, STM32Cube_FW_G0_V1.6.1, STM32Cube_FW_G4_V1.5.0, STM32Cube_FW_H7_V1.10.0, STM32Cube_FW_L5_V1.4.0, STM32Cube_FW_U5_V1.1.1, STM32Cube_FW_WB_V1.14.1, STM32Cube_FW_WL_V1.2.0, X-CUBE-ALGOBUILD_V1.3.0, X-CUBE-ALS_V1.0.1, X-CUBE-AZRTOS-F4_V1.1.0, X-CUBE-AZRTOS-F7_V1.1.0, X-CUBE-AZRTOS-G0_V1.1.0, X-CUBE-AZRTOS-G4_V1.0.0, X-CUBE-AZRTOS-H7_V2.1.0, X-CUBE-AZRTOS-L4_V1.0.0, X-CUBE-AZRTOS-L5_V1.0.0, X-CUBE-AZRTOS-WL_V1.0.0, X-CUBE-BLE1_V6.2.3, X-CUBE-BLE2_V3.3.0, X-CUBE-EEPRMA1_V3.1.1, X-CUBE-GNSS1_V6.0.0, X-CUBE-MEMS1_V9.1.0, X-CUBE-MEMS1_V9.3.0, X-CUBE-NFC4_V2.0.4, X-CUBE-NFC7_V1.0.0, X-CUBE-SFXS2LP1_V4.0.0, X-CUBE-SUBG2_V5.0.0]
2022-10-15 18:34:35,782 [INFO] DbBoardsSqlite:227 - include board P-NUCLEO-WB55-NUCLEO as a kit item of type 'Nucleo-64'
2022-10-15 18:34:35,782 [INFO] DbBoardsSqlite:227 - include board P-NUCLEO-WB55-USBDONGLE as a kit item of type 'Nucleo USB Dongle'
2022-10-15 18:34:35,782 [INFO] DbBoardsSqlite:227 - include board STEVAL-IDP005V1 as a kit item of type 'Evaluation Board'
2022-10-15 18:34:35,783 [INFO] DbBoardsSqlite:227 - include board STEVAL-IDP005V2 as a kit item of type 'Evaluation Board'
2022-10-15 18:34:35,793 [INFO] ApiDb:239 - Found 138 in-development CPN: [B-WB1M-WPAN1, NUCLEO-C031C6, STEVAL-STWINBX1, STM320518-EVAL, STM32C0116-DK, STM32C011D6Y3TR, STM32C011D6Y6TR, STM32C011F4P3, STM32C011F4P6, STM32C011F4U3, STM32C011F4U6TR, STM32C011F6P3, STM32C011F6P6, STM32C011F6U3, STM32C011F6U6TR, STM32C011J4M3, STM32C011J4M6, STM32C011J6M3, STM32C011J6M6, STM32C0316-DK, STM32C031C4T3, STM32C031C4T6, STM32C031C4U3, STM32C031C4U6, STM32C031C6T3, STM32C031C6T6, STM32C031C6U3, STM32C031C6U6, STM32C031F4P3, STM32C031F4P6, STM32C031F6P3, STM32C031F6P6, STM32C031G4U3, STM32C031G4U6, STM32C031G6U3, STM32C031G6U6, STM32C031K4T3, STM32C031K4T6, STM32C031K4U3, STM32C031K4U6, STM32C031K6T3, STM32C031K6T6, STM32C031K6U3, STM32C031K6U6, STM32G071K8TXN, STM32G071K8UXN, STM32G081GBU6N, STM32G081KBT6N, STM32G081KBUXN, STM32G0B1CCT6N, STM32G0B1KCT6, STM32G0B1NEY6TR, STM32G0B1RCT6N, STM32G0C1CCT6, STM32G0C1CCT6N, STM32G0C1CCU6N, STM32G0C1CET6N, STM32G0C1CEU6N, STM32G0C1KCT6, STM32G0C1NEY6TR, STM32G0C1RCI6N, STM32G0C1RCT6N, STM32G0C1REI6N, STM32G0C1RET6N, STM32G0C1VCI6, STM32G0C1VEI6, STM32G471CCT6, STM32G471CCU6, STM32G471CET3, STM32G471CET6, STM32G471CEU3, STM32G471CEU6, STM32G471MCT6, STM32G471MET3, STM32G471MET6, STM32G471MEY6TR, STM32G471QCT6, STM32G471QET3, STM32G471RCT6, STM32G471RET3, STM32G471RET6, STM32G471VCH6, STM32G471VCI6, STM32G471VCT6, STM32G471VEH3, STM32G471VEH6, STM32G471VEI3, STM32G471VEI6, STM32G471VET3, STM32G471VET6, STM32G474CCT6, STM32L476VGY6PTR, STM32L4R5QGI6STR, STM32MP131AAE3, STM32MP131AAF3, STM32MP131AAG3, STM32MP131CAE3, STM32MP131CAF3, STM32MP131CAG3, STM32MP131DAE7, STM32MP131DAF7, STM32MP131DAG7, STM32MP131FAE7, STM32MP131FAF7, STM32MP131FAG7, STM32MP133AAE3, STM32MP133AAF3, STM32MP133AAG3, STM32MP133CAE3, STM32MP133CAF3, STM32MP133CAG3, STM32MP133DAE7, STM32MP133DAF7, STM32MP133DAG7, STM32MP133FAE7, STM32MP133FAF7, STM32MP133FAG7, STM32MP135AAE3, STM32MP135AAF3, STM32MP135AAG3, STM32MP135CAE3, STM32MP135CAF3, STM32MP135CAG3, STM32MP135DAE7, STM32MP135DAF7, STM32MP135DAG7, STM32MP135F-DK, STM32MP135FAE7, STM32MP135FAF7, STM32MP135FAG7, STM32U595ZJT6Q, STM32U599BJY6QTR, STM32U599NIH6Q, STM32U599NJH6Q, STM32U5A5ZJT6Q, STM32U5A9BJY6QTR, STM32U5A9NJH6Q, STM32WB1MMCH6]
2022-10-15 18:34:36,579 [INFO] BoardInfo:879 - No configuration file found for board P-NUCLEO-WB55
2022-10-15 18:34:36,579 [INFO] DbBoards:156 - Kit is not supported: P-NUCLEO-WB55
2022-10-15 18:34:36,591 [INFO] BoardInfo:879 - No configuration file found for board STEVAL-BFA001V1B
2022-10-15 18:34:36,591 [INFO] DbBoards:156 - Kit is not supported: STEVAL-BFA001V1B
2022-10-15 18:34:36,592 [INFO] BoardInfo:879 - No configuration file found for board STEVAL-BFA001V2B
2022-10-15 18:34:36,592 [INFO] DbBoards:156 - Kit is not supported: STEVAL-BFA001V2B
2022-10-15 18:34:36,874 [INFO] DbBoards:160 - Found 176 boards, 173 are supported
2022-10-15 18:34:36,897 [INFO] ApiDb:418 - Load user favorites file C:\Users\userr90/.stm32cubeide/favorites.boards.txt: 0 item(s)
2022-10-15 18:34:36,898 [INFO] ApiDb:422 - User favorites Boards=[]
2022-10-15 18:34:36,898 [INFO] DbBoards:189 - Set 0 / 0 favorites Boards
2022-10-15 18:34:36,983 [INFO] ApiDb:663 - CubeFinder database Data Model version=2.1
2022-10-15 18:34:36,984 [INFO] ApiDb:664 - CubeFinder database Configuration version=3.0.32
2022-10-15 18:34:36,984 [INFO] ApiDb:665 - CubeFinder database generation date=2022-08-05 (1659688109)
2022-10-15 18:34:36,984 [INFO] ApiDb:666 - CubeFinder database FW Pack versions=[STM32Cube_FW_C0_V1.0.0, STM32Cube_FW_F4_V1.27.1, STM32Cube_FW_F7_V1.17.0, STM32Cube_FW_G0_V1.6.1, STM32Cube_FW_G4_V1.5.0, STM32Cube_FW_H7_V1.10.0, STM32Cube_FW_L5_V1.4.0, STM32Cube_FW_U5_V1.1.1, STM32Cube_FW_WB_V1.14.1, STM32Cube_FW_WL_V1.2.0, X-CUBE-ALGOBUILD_V1.3.0, X-CUBE-ALS_V1.0.1, X-CUBE-AZRTOS-F4_V1.1.0, X-CUBE-AZRTOS-F7_V1.1.0, X-CUBE-AZRTOS-G0_V1.1.0, X-CUBE-AZRTOS-G4_V1.0.0, X-CUBE-AZRTOS-H7_V2.1.0, X-CUBE-AZRTOS-L4_V1.0.0, X-CUBE-AZRTOS-L5_V1.0.0, X-CUBE-AZRTOS-WL_V1.0.0, X-CUBE-BLE1_V6.2.3, X-CUBE-BLE2_V3.3.0, X-CUBE-EEPRMA1_V3.1.1, X-CUBE-GNSS1_V6.0.0, X-CUBE-MEMS1_V9.1.0, X-CUBE-MEMS1_V9.3.0, X-CUBE-NFC4_V2.0.4, X-CUBE-NFC7_V1.0.0, X-CUBE-SFXS2LP1_V4.0.0, X-CUBE-SUBG2_V5.0.0]
2022-10-15 18:34:39,807 [INFO] DbExamplesSqlite:374 - Ignored 31 examples not supported by CubeIDE
2022-10-15 18:34:39,807 [INFO] DbExamplesSqlite:375 - Found 6197 examples active
2022-10-15 18:34:39,808 [INFO] DbExamplesSqlite:376 - Found 89 examples obsolete
2022-10-15 18:34:39,808 [INFO] DbExamplesSqlite:377 - Found 0 examples under development
2022-10-15 18:34:39,808 [INFO] DbExamplesSqlite:378 - Found 76 examples not building
2022-10-15 18:34:39,809 [INFO] DbExamples:124 - Found 6242 examples
2022-10-15 18:34:39,915 [INFO] DbExamples:221 - Found 77 boards with related examples
2022-10-15 18:34:39,916 [INFO] DbExamples:234 - Found 64 MCUs with related examples
2022-10-15 18:34:39,941 [INFO] ApiDb:418 - Load user favorites file C:\Users\userr90/.stm32cubeide/favorites.examples.txt: 0 item(s)
2022-10-15 18:34:39,942 [INFO] ApiDb:422 - User favorites Examples=[]
2022-10-15 18:34:39,942 [INFO] DbExamples:249 - Set 0 / 0 favorites Examples
2022-10-15 18:34:42,330 [INFO] McuFinderGlobals:57 - Set McuFinderConnectedMode to true
2022-10-15 18:34:42,362 [INFO] MultiScanPanel:195 - Auto-refresh data requested => check proxy status ongoing
2022-10-15 18:34:42,367 [INFO] FinderPluginLoader:92 - Searching for filters in installed packs
2022-10-15 18:34:48,692 [INFO] LoadUrlFilesThread:177 - End of LoadServerUrlFiles without Thread
2022-10-15 18:34:49,047 [INFO] DetailPanel:339 - Set advertising image to C:/Users/userr90/STM32Cube/Repository/\en.Prom_NBSTM32U50921.jpg
2022-10-15 18:37:03,049 [INFO] MainUpdater:2768 - connection check result : 10
2022-10-15 18:37:03,050 [INFO] MainUpdater:2768 - connection check result : 10
2022-10-15 18:37:03,147 [INFO] MicroXplorer:451 - Change Database Path : 
2022-10-15 18:37:03,147 [INFO] MicroXplorer:481 - Change Database Version : DB.6.0.60
2022-10-15 18:37:03,147 [WARN] ThirdParty:827 - waiting for thirdparty lock release [close project]
2022-10-15 18:37:03,149 [INFO] ThirdParty:829 - entering critical section [close project]
2022-10-15 18:37:03,150 [INFO] ThirdParty:839 - exiting critical section [close project]
2022-10-15 18:37:03,156 [INFO] PinOutPanel:1468 - setPackage(No Configuration,No Configuration)
2022-10-15 18:37:03,161 [INFO] UtilMem:74 - Begin LoadConfig() Used Memory: 415762200 Bytes (527433728)
2022-10-15 18:37:03,163 [INFO] MicroXplorer:451 - Change Database Path : 
2022-10-15 18:37:03,163 [INFO] MicroXplorer:481 - Change Database Version : DB.6.0.60
2022-10-15 18:37:03,163 [INFO] OpenFileManager:307 - Change cursor
2022-10-15 18:37:03,445 [INFO] Mcu:1922 - Initializing MCU STM32F030F4Px STM32F030F4Px 
2022-10-15 18:37:03,446 [INFO] Mcu:1935 - No CPN specified => set CPN to STM32F030F4P6
2022-10-15 18:37:07,459 [INFO] Context:654 - Trying to add GPIOservice into a context  which must be forbidden
2022-10-15 18:37:08,196 [INFO] ImportTextPane:193 - (OptionalMessage_ERROR) Unable to find key (Mcu.ThirdPartyNb) in loaded IOC file
2022-10-15 18:37:08,196 [INFO] ImportTextPane:193 - (OptionalMessage_ERROR) Unable to find key (Mcu.PinsNb) in loaded IOC file
2022-10-15 18:37:08,196 [INFO] ImportTextPane:193 - (OptionalMessage_ERROR) Unable to find key (Mcu.IPNb) in loaded IOC file
2022-10-15 18:37:08,296 [WARN] ApiManager:308 - Cannot register API 'Board Extension:GNSS1A1' from pack STMicroelectronics.X-CUBE-GNSS1.6.0.0: no header file found
2022-10-15 18:37:08,296 [WARN] ApiManager:308 - Cannot register API 'Board Support:Custom' from pack STMicroelectronics.X-CUBE-GNSS1.6.0.0: no header file found
2022-10-15 18:37:08,296 [WARN] ApiManager:308 - Cannot register API 'Data Exchange:lib_gnss' from pack STMicroelectronics.X-CUBE-GNSS1.6.0.0: no header file found
2022-10-15 18:37:08,339 [WARN] ApiManager:308 - Cannot register API 'Wireless:BlueNRG-MS' from pack STMicroelectronics.X-CUBE-BLE1.6.2.3: no header file found
2022-10-15 18:37:08,348 [INFO] RtosManager:488 - Registered RTOS mode: class=CMSIS, group=RTOS, mode=CMSIS_V1, owner=FREERTOS
2022-10-15 18:37:08,349 [INFO] RtosManager:488 - Registered RTOS mode: class=CMSIS, group=RTOS2, mode=CMSIS_V2, owner=FREERTOS
2022-10-15 18:37:08,349 [INFO] RtosManager:488 - Registered RTOS mode: class=RTOS, group=Core, mode=CMSIS_V1, owner=FREERTOS
2022-10-15 18:37:08,349 [INFO] RtosManager:488 - Registered RTOS mode: class=RTOS, group=Core, mode=CMSIS_V2, owner=FREERTOS
2022-10-15 18:37:08,350 [WARN] ModelIntegratedComponent:185 - Missing modes for component STMicroelectronics:FreeRTOS:0.0.1:STMicroelectronics:RTOS:FreeRTOS:Core:::10.2.0:
2022-10-15 18:37:08,365 [WARN] ApiManager:308 - Cannot register API 'Board Extension:S2868A1' from pack STMicroelectronics.X-CUBE-SUBG2.5.0.0: no header file found
2022-10-15 18:37:08,365 [WARN] ApiManager:308 - Cannot register API 'Board Extension:S2868A2' from pack STMicroelectronics.X-CUBE-SUBG2.5.0.0: no header file found
2022-10-15 18:37:08,365 [WARN] ApiManager:308 - Cannot register API 'Board Extension:S2915A1' from pack STMicroelectronics.X-CUBE-SUBG2.5.0.0: no header file found
2022-10-15 18:37:08,377 [WARN] ApiManager:308 - Cannot register API 'Board Extension:NFC04A1' from pack STMicroelectronics.X-CUBE-NFC4.2.0.4: no header file found
2022-10-15 18:37:08,668 [WARN] ModelIntegratedComponent:64 - No mode defined for component null
2022-10-15 18:37:08,669 [WARN] ModelIntegratedComponent:64 - No mode defined for component null
2022-10-15 18:37:08,669 [WARN] ModelIntegratedComponent:64 - No mode defined for component null
2022-10-15 18:37:08,669 [WARN] ModelIntegratedComponent:64 - No mode defined for component null
2022-10-15 18:37:08,669 [WARN] ModelIntegratedComponent:64 - No mode defined for component null
2022-10-15 18:37:08,669 [WARN] ModelIntegratedComponent:64 - No mode defined for component null
2022-10-15 18:37:08,669 [WARN] ModelIntegratedComponent:64 - No mode defined for component null
2022-10-15 18:37:08,669 [WARN] ModelIntegratedComponent:64 - No mode defined for component null
2022-10-15 18:37:08,669 [WARN] ModelIntegratedComponent:64 - No mode defined for component null
2022-10-15 18:37:08,669 [WARN] ModelIntegratedComponent:64 - No mode defined for component null
2022-10-15 18:37:08,669 [WARN] ModelIntegratedComponent:64 - No mode defined for component null
2022-10-15 18:37:08,670 [WARN] ModelIntegratedComponent:64 - No mode defined for component null
2022-10-15 18:37:08,670 [WARN] ModelIntegratedComponent:64 - No mode defined for component null
2022-10-15 18:37:08,670 [WARN] ModelIntegratedComponent:64 - No mode defined for component null
2022-10-15 18:37:08,671 [WARN] ModelIntegratedComponent:64 - No mode defined for component null
2022-10-15 18:37:08,671 [WARN] ModelIntegratedComponent:64 - No mode defined for component null
2022-10-15 18:37:08,671 [WARN] ModelIntegratedComponent:64 - No mode defined for component null
2022-10-15 18:37:08,671 [WARN] ModelIntegratedComponent:64 - No mode defined for component null
2022-10-15 18:37:08,672 [WARN] ModelIntegratedComponent:64 - No mode defined for component null
2022-10-15 18:37:08,672 [WARN] ModelIntegratedComponent:64 - No mode defined for component null
2022-10-15 18:37:08,672 [WARN] ModelIntegratedComponent:64 - No mode defined for component null
2022-10-15 18:37:08,672 [WARN] ModelIntegratedComponent:64 - No mode defined for component null
2022-10-15 18:37:08,672 [WARN] ModelIntegratedComponent:64 - No mode defined for component null
2022-10-15 18:37:08,672 [WARN] ModelIntegratedComponent:64 - No mode defined for component null
2022-10-15 18:37:08,672 [WARN] ModelIntegratedComponent:64 - No mode defined for component null
2022-10-15 18:37:08,672 [WARN] ModelIntegratedComponent:64 - No mode defined for component null
2022-10-15 18:37:08,672 [WARN] ModelIntegratedComponent:64 - No mode defined for component null
2022-10-15 18:37:08,672 [WARN] ModelIntegratedComponent:64 - No mode defined for component null
2022-10-15 18:37:08,672 [WARN] ModelIntegratedComponent:64 - No mode defined for component null
2022-10-15 18:37:08,672 [WARN] ModelIntegratedComponent:64 - No mode defined for component null
2022-10-15 18:37:08,672 [WARN] ModelIntegratedComponent:64 - No mode defined for component null
2022-10-15 18:37:08,672 [WARN] ModelIntegratedComponent:64 - No mode defined for component null
2022-10-15 18:37:08,672 [WARN] ModelIntegratedComponent:64 - No mode defined for component null
2022-10-15 18:37:08,837 [WARN] ApiManager:308 - Cannot register API 'Board Extension:NFC07A1' from pack STMicroelectronics.X-CUBE-NFC7.1.0.0: no header file found
2022-10-15 18:37:09,074 [WARN] ApiManager:308 - Cannot register API 'Board Extension:IKS01A3' from pack STMicroelectronics.X-CUBE-MEMS1.9.3.0: no header file found
2022-10-15 18:37:09,074 [WARN] ApiManager:308 - Cannot register API 'Board Extension:IKS01A2' from pack STMicroelectronics.X-CUBE-MEMS1.9.3.0: no header file found
2022-10-15 18:37:09,075 [WARN] ApiManager:308 - Cannot register API 'Board Extension:IKS02A1' from pack STMicroelectronics.X-CUBE-MEMS1.9.3.0: no header file found
2022-10-15 18:37:09,347 [WARN] ApiManager:308 - Cannot register API 'Board Extension:EEPRMA1' from pack STMicroelectronics.X-CUBE-EEPRMA1.3.1.1: no header file found
2022-10-15 18:37:09,347 [WARN] ApiManager:308 - Cannot register API 'Board Extension:EEPRMA2' from pack STMicroelectronics.X-CUBE-EEPRMA1.3.1.1: no header file found
2022-10-15 18:37:09,371 [WARN] ApiManager:308 - Cannot register API 'Board Extension:S2868A1' from pack STMicroelectronics.X-CUBE-SFXS2LP1.4.0.0: no header file found
2022-10-15 18:37:09,371 [WARN] ApiManager:308 - Cannot register API 'Board Extension:S2868A2' from pack STMicroelectronics.X-CUBE-SFXS2LP1.4.0.0: no header file found
2022-10-15 18:37:09,371 [WARN] ApiManager:308 - Cannot register API 'Board Extension:S2915A1' from pack STMicroelectronics.X-CUBE-SFXS2LP1.4.0.0: no header file found
2022-10-15 18:37:09,371 [WARN] ApiManager:308 - Cannot register API 'Wireless:BlueNRG-2' from pack STMicroelectronics.X-CUBE-BLE2.3.3.0: no header file found
2022-10-15 18:37:09,430 [INFO] ThirdPartyModel:289 - Start build external matchings
2022-10-15 18:37:10,069 [INFO] ThirdPartyModel:302 - End build external matchings
2022-10-15 18:37:11,092 [INFO] UtilMem:74 - End LoadConfig() Used Memory: 427746136 Bytes (527433728)
2022-10-15 18:37:11,168 [WARN] ThirdParty:789 - waiting for thirdparty lock release [change project]
2022-10-15 18:37:11,168 [INFO] ThirdParty:791 - entering critical section [change project]
2022-10-15 18:37:11,169 [INFO] ThirdParty:981 - CMSIS Pack Vendor :RoweBots I-CUBE-UNISONRTOS 5.5.0-4
2022-10-15 18:37:11,169 [INFO] ThirdParty:981 - CMSIS Pack Vendor :STMicroelectronics X-CUBE-GNSS1 6.0.0
2022-10-15 18:37:11,169 [INFO] ThirdParty:981 - CMSIS Pack Vendor :STMicroelectronics X-CUBE-AZRTOS-H7 2.1.0
2022-10-15 18:37:11,169 [INFO] ThirdParty:981 - CMSIS Pack Vendor :STMicroelectronics USB_HOST 2.0.0
2022-10-15 18:37:11,169 [INFO] ThirdParty:981 - CMSIS Pack Vendor :STMicroelectronics X-CUBE-AZRTOS-F4 1.1.0
2022-10-15 18:37:11,169 [INFO] ThirdParty:981 - CMSIS Pack Vendor :STMicroelectronics LIBJPEG 8.0.0
2022-10-15 18:37:11,169 [INFO] ThirdParty:981 - CMSIS Pack Vendor :wolfSSL I-CUBE-wolfSSL 5.4.0
2022-10-15 18:37:11,169 [INFO] ThirdParty:981 - CMSIS Pack Vendor :STMicroelectronics USB_DEVICE 3.0.0
2022-10-15 18:37:11,169 [INFO] ThirdParty:981 - CMSIS Pack Vendor :STMicroelectronics X-CUBE-BLEMGR 1.0.0
2022-10-15 18:37:11,169 [INFO] ThirdParty:981 - CMSIS Pack Vendor :STMicroelectronics X-CUBE-AZRTOS-F7 1.1.0
2022-10-15 18:37:11,169 [INFO] ThirdParty:981 - CMSIS Pack Vendor :STMicroelectronics USB_DEVICE 2.0.0
2022-10-15 18:37:11,169 [INFO] ThirdParty:981 - CMSIS Pack Vendor :STMicroelectronics X-CUBE-BLE1 6.2.3
2022-10-15 18:37:11,169 [INFO] ThirdParty:981 - CMSIS Pack Vendor :STMicroelectronics X-CUBE-ALGOBUILD 1.3.0
2022-10-15 18:37:11,169 [INFO] ThirdParty:981 - CMSIS Pack Vendor :STMicroelectronics FreeRTOS 0.0.1
2022-10-15 18:37:11,169 [INFO] ThirdParty:981 - CMSIS Pack Vendor :STMicroelectronics X-CUBE-AZRTOS-G0 1.1.0
2022-10-15 18:37:11,169 [INFO] ThirdParty:981 - CMSIS Pack Vendor :STMicroelectronics X-CUBE-SUBG2 5.0.0
2022-10-15 18:37:11,169 [INFO] ThirdParty:981 - CMSIS Pack Vendor :SEGGER I-CUBE-embOS 1.2.0
2022-10-15 18:37:11,169 [INFO] ThirdParty:981 - CMSIS Pack Vendor :STMicroelectronics STM32_WPAN 1.0.0
2022-10-15 18:37:11,169 [INFO] ThirdParty:981 - CMSIS Pack Vendor :STMicroelectronics lwIP 2.0.3
2022-10-15 18:37:11,169 [INFO] ThirdParty:981 - CMSIS Pack Vendor :STMicroelectronics X-CUBE-NFC4 2.0.4
2022-10-15 18:37:11,169 [INFO] ThirdParty:981 - CMSIS Pack Vendor :STMicroelectronics USB_HOST 1.0.0
2022-10-15 18:37:11,170 [INFO] ThirdParty:981 - CMSIS Pack Vendor :STMicroelectronics PDM2PCM 3.1.0
2022-10-15 18:37:11,170 [INFO] ThirdParty:981 - CMSIS Pack Vendor :STMicroelectronics FP-ATR-ASTRA1 1.1.1
2022-10-15 18:37:11,170 [INFO] ThirdParty:981 - CMSIS Pack Vendor :STMicroelectronics PDM2PCM 3.3.0
2022-10-15 18:37:11,170 [INFO] ThirdParty:981 - CMSIS Pack Vendor :STMicroelectronics X-CUBE-TOF1 3.1.0
2022-10-15 18:37:11,170 [INFO] ThirdParty:981 - CMSIS Pack Vendor :STMicroelectronics FP-ATR-ASTRA1 1.1.0
2022-10-15 18:37:11,170 [INFO] ThirdParty:981 - CMSIS Pack Vendor :STMicroelectronics X-CUBE-AZRTOS-G4 1.0.0
2022-10-15 18:37:11,170 [INFO] ThirdParty:981 - CMSIS Pack Vendor :STMicroelectronics X-CUBE-AZRTOS-L4 1.0.0
2022-10-15 18:37:11,170 [INFO] ThirdParty:981 - CMSIS Pack Vendor :STMicroelectronics HAL Drivers 0.0.0
2022-10-15 18:37:11,170 [INFO] ThirdParty:981 - CMSIS Pack Vendor :STMicroelectronics MBEDTLS 2.16.2
2022-10-15 18:37:11,170 [INFO] ThirdParty:981 - CMSIS Pack Vendor :emotas I-CUBE-CANOPEN 1.1.2
2022-10-15 18:37:11,170 [INFO] ThirdParty:981 - CMSIS Pack Vendor :STMicroelectronics X-CUBE-TOUCHGFX 4.20.0
2022-10-15 18:37:11,174 [INFO] ThirdParty:981 - CMSIS Pack Vendor :STMicroelectronics MBEDTLS 2.14.1
2022-10-15 18:37:11,174 [INFO] ThirdParty:981 - CMSIS Pack Vendor :STMicroelectronics X-CUBE-NFC7 1.0.0
2022-10-15 18:37:11,174 [INFO] ThirdParty:981 - CMSIS Pack Vendor :STMicroelectronics X-CUBE-AZRTOS-WL 1.0.0
2022-10-15 18:37:11,174 [INFO] ThirdParty:981 - CMSIS Pack Vendor :STMicroelectronics X-CUBE-MEMS1 9.3.0
2022-10-15 18:37:11,174 [INFO] ThirdParty:981 - CMSIS Pack Vendor :portGmbH I-Cube-SoM-uGOAL 1.1.0
2022-10-15 18:37:11,174 [INFO] ThirdParty:981 - CMSIS Pack Vendor :STMicroelectronics X-CUBE-ALS 1.0.1
2022-10-15 18:37:11,174 [INFO] ThirdParty:981 - CMSIS Pack Vendor :STMicroelectronics X-CUBE-AI 7.2.0
2022-10-15 18:37:11,174 [INFO] ThirdParty:981 - CMSIS Pack Vendor :STMicroelectronics ThreadX 1.0.0
2022-10-15 18:37:11,175 [INFO] ThirdParty:981 - CMSIS Pack Vendor :STMicroelectronics X-CUBE-AZRTOS-L5 1.0.0
2022-10-15 18:37:11,175 [INFO] ThirdParty:981 - CMSIS Pack Vendor :STMicroelectronics USB_DEVICE 1.0.0
2022-10-15 18:37:11,175 [INFO] ThirdParty:981 - CMSIS Pack Vendor :STMicroelectronics X-CUBE-EEPRMA1 3.1.1
2022-10-15 18:37:11,175 [INFO] ThirdParty:981 - CMSIS Pack Vendor :STMicroelectronics ThreadX 0.0.2
2022-10-15 18:37:11,175 [INFO] ThirdParty:981 - CMSIS Pack Vendor :STMicroelectronics lwIP 2.1.2
2022-10-15 18:37:11,175 [INFO] ThirdParty:981 - CMSIS Pack Vendor :STMicroelectronics X-CUBE-SFXS2LP1 4.0.0
2022-10-15 18:37:11,176 [INFO] ThirdParty:981 - CMSIS Pack Vendor :STMicroelectronics X-CUBE-BLE2 3.3.0
2022-10-15 18:37:11,176 [INFO] ThirdParty:981 - CMSIS Pack Vendor :STMicroelectronics X-CUBE-DISPLAY 2.2.0
2022-10-15 18:37:11,176 [INFO] ThirdParty:981 - CMSIS Pack Vendor :STMicroelectronics PDM2PCM 3.2.0
2022-10-15 18:37:11,176 [INFO] ThirdParty:981 - CMSIS Pack Vendor :STMicroelectronics X-CUBE-ISPU 1.0.0
2022-10-15 18:37:11,176 [INFO] ThirdParty:797 - exiting critical section [change project]
2022-10-15 18:37:11,732 [INFO] PinOutPanel:1468 - setPackage(No Configuration,No Configuration)
2022-10-15 18:37:11,734 [INFO] PinOutPanel:1468 - setPackage(STM32F030F4Px,TSSOP20)
2022-10-15 18:37:16,729 [INFO] UtilMem:74 - Before build in PCC Used Memory: 442176512 Bytes (527433728)
2022-10-15 18:37:21,504 [INFO] UtilMem:74 - After build in PCC Used Memory: 438050872 Bytes (527433728)
2022-10-15 18:37:21,533 [INFO] IPUIPlugin:79 - create IPUIPlugin
2022-10-15 18:37:21,534 [INFO] IPUIPlugin:79 - create IPUIPlugin
2022-10-15 18:37:21,534 [INFO] IPUIPlugin:79 - create IPUIPlugin
2022-10-15 18:37:21,534 [INFO] IPUIPlugin:79 - create IPUIPlugin
2022-10-15 18:37:21,534 [INFO] IPUIPlugin:79 - create IPUIPlugin
2022-10-15 18:37:21,534 [INFO] IPUIPlugin:79 - create IPUIPlugin
2022-10-15 18:37:21,534 [INFO] IPUIPlugin:79 - create IPUIPlugin
2022-10-15 18:37:21,534 [INFO] IPUIPlugin:79 - create IPUIPlugin
2022-10-15 18:37:21,535 [INFO] IPUIPlugin:79 - create IPUIPlugin
2022-10-15 18:37:21,535 [INFO] IPUIPlugin:79 - create IPUIPlugin
2022-10-15 18:37:21,535 [INFO] IPUIPlugin:79 - create IPUIPlugin
2022-10-15 18:37:21,538 [INFO] IPUIPlugin:79 - create IPUIPlugin
2022-10-15 18:37:21,539 [INFO] IPUIPlugin:79 - create IPUIPlugin
2022-10-15 18:37:21,539 [INFO] IPUIPlugin:79 - create IPUIPlugin
2022-10-15 18:37:21,539 [INFO] IPUIPlugin:79 - create IPUIPlugin
2022-10-15 18:37:21,539 [INFO] IPUIPlugin:79 - create IPUIPlugin
2022-10-15 18:37:21,540 [INFO] IPUIPlugin:79 - create IPUIPlugin
2022-10-15 18:37:21,540 [INFO] IPUIPlugin:79 - create IPUIPlugin
2022-10-15 18:37:21,540 [INFO] IPUIPlugin:79 - create IPUIPlugin
2022-10-15 18:37:21,540 [INFO] IPUIPlugin:79 - create IPUIPlugin
2022-10-15 18:37:21,568 [INFO] IPUIPlugin:79 - create IPUIPlugin
2022-10-15 18:37:23,417 [INFO] OpenFileManager:327 - Restore cursor
2022-10-15 18:37:28,323 [INFO] UtilMem:74 - End SaveConfig() Used Memory: 456992496 Bytes (527433728)
2022-10-15 18:37:28,486 [INFO] UtilMem:74 - End SaveConfig() Used Memory: 463283952 Bytes (527433728)
2022-10-15 18:37:30,351 [INFO] BlockDiagram:2753 - set Specific Code input for plugin: NVIC
2022-10-15 18:37:30,352 [INFO] BlockDiagram:2753 - set Specific Code input for plugin: RCC
2022-10-15 18:37:30,353 [INFO] CodeGenerator:690 - code generatio: config db path: F:\ST\STM32CubeIDE_1.10.1\STM32CubeIDE\plugins\com.st.stm32cube.common.mx_6.6.1.202207061420\\db\
2022-10-15 18:37:31,980 [INFO] CodeEngine:245 - oldGeneratedFile, F:\DD\A\EEProject\Autonom_Projects\Project2\stm32_cube_ide\usart_led_controller\MXTmpFiles\license.tmp_save
2022-10-15 18:37:33,610 [INFO] CodeEngine:269 - Generated code: F:\DD\A\EEProject\Autonom_Projects\Project2\stm32_cube_ide\usart_led_controller\MXTmpFiles\license.tmp
2022-10-15 18:37:33,647 [INFO] CodeEngine:245 - oldGeneratedFile, F:\DD\A\EEProject\Autonom_Projects\Project2\stm32_cube_ide\usart_led_controller\Core\Src\stm32f0xx_it.c_save
2022-10-15 18:37:34,021 [INFO] CodeEngine:269 - Generated code: F:\DD\A\EEProject\Autonom_Projects\Project2\stm32_cube_ide\usart_led_controller\Core\Src\stm32f0xx_it.c
2022-10-15 18:37:34,055 [INFO] CodeEngine:245 - oldGeneratedFile, F:\DD\A\EEProject\Autonom_Projects\Project2\stm32_cube_ide\usart_led_controller\Core\Inc\stm32f0xx_it.h_save
2022-10-15 18:37:34,164 [INFO] CodeEngine:269 - Generated code: F:\DD\A\EEProject\Autonom_Projects\Project2\stm32_cube_ide\usart_led_controller\Core\Inc\stm32f0xx_it.h
2022-10-15 18:37:34,726 [INFO] CodeEngine:245 - oldGeneratedFile, F:\DD\A\EEProject\Autonom_Projects\Project2\stm32_cube_ide\usart_led_controller\Core\Src\stm32f0xx_hal_msp.c_save
2022-10-15 18:37:35,013 [INFO] CodeEngine:269 - Generated code: F:\DD\A\EEProject\Autonom_Projects\Project2\stm32_cube_ide\usart_led_controller\Core\Src\stm32f0xx_hal_msp.c
2022-10-15 18:37:35,057 [INFO] CodeEngine:245 - oldGeneratedFile, F:\DD\A\EEProject\Autonom_Projects\Project2\stm32_cube_ide\usart_led_controller\MXTmpFiles\system.tmp_save
2022-10-15 18:37:35,348 [INFO] CodeEngine:269 - Generated code: F:\DD\A\EEProject\Autonom_Projects\Project2\stm32_cube_ide\usart_led_controller\MXTmpFiles\system.tmp
2022-10-15 18:37:35,378 [INFO] CodeEngine:245 - oldGeneratedFile, F:\DD\A\EEProject\Autonom_Projects\Project2\stm32_cube_ide\usart_led_controller\Core\Inc\stm32f0xx_hal_conf.h_save
2022-10-15 18:37:35,842 [INFO] CodeEngine:269 - Generated code: F:\DD\A\EEProject\Autonom_Projects\Project2\stm32_cube_ide\usart_led_controller\Core\Inc\stm32f0xx_hal_conf.h
2022-10-15 18:37:36,256 [INFO] CodeEngine:245 - oldGeneratedFile, F:\DD\A\EEProject\Autonom_Projects\Project2\stm32_cube_ide\usart_led_controller\Core\Inc\main.h_save
2022-10-15 18:37:37,012 [INFO] CodeEngine:269 - Generated code: F:\DD\A\EEProject\Autonom_Projects\Project2\stm32_cube_ide\usart_led_controller\Core\Inc\main.h
2022-10-15 18:37:37,025 [INFO] CodeEngine:245 - oldGeneratedFile, F:\DD\A\EEProject\Autonom_Projects\Project2\stm32_cube_ide\usart_led_controller\Core\Src\main.c_save
2022-10-15 18:37:37,417 [INFO] CodeEngine:269 - Generated code: F:\DD\A\EEProject\Autonom_Projects\Project2\stm32_cube_ide\usart_led_controller\Core\Src\main.c
2022-10-15 18:37:43,357 [INFO] ProjectBuilder:2919 - Time for Copy HAL[1] : 3168mS.
2022-10-15 18:37:43,421 [INFO] ProjectBuilder:4117 - Project Generator version: 3.17.1
2022-10-15 18:37:45,882 [INFO] ConfigFileManager:1394 - The Die is : DIE444
2022-10-15 18:37:46,290 [INFO] ApiDbMcu:505 - Load IP Config File for FATFS
2022-10-15 18:37:47,020 [INFO] ApiDbMcu:505 - Load IP Config File for FREERTOS
2022-10-15 18:38:12,036 [INFO] ProjectBuilder:4285 - Time for Generating toolchain IDE Files: 28615mS.
2022-10-15 18:38:12,039 [INFO] ProjectBuilder:2790 - Time for Copy CMSIS : 1mS.
2022-10-15 18:38:12,041 [INFO] ProjectBuilder:2790 - Time for Copy CMSIS : 0mS.
2022-10-15 18:38:14,720 [INFO] McuFinderGlobals:57 - Set McuFinderConnectedMode to true
2022-10-15 18:38:14,727 [INFO] ApiDb:443 - Save user favorites file C:\Users\userr90/.stm32cubeide/favorites.mcus.txt: 1 item(s)
2022-10-15 18:38:14,727 [INFO] ApiDb:447 - User favorites MCUs=[STM32F030F4P6]
